0 info it worked if it ends with ok
1 verbose cli [ 'C:\\Program Files\\nodejs\\node.exe',
1 verbose cli   'C:\\Program Files\\nodejs\\node_modules\\npm\\bin\\npm-cli.js',
1 verbose cli   'run',
1 verbose cli   'ionic:serve',
1 verbose cli   '--',
1 verbose cli   '--v2',
1 verbose cli   '--address',
1 verbose cli   '0.0.0.0',
1 verbose cli   '--port',
1 verbose cli   '8100',
1 verbose cli   '--livereload-port',
1 verbose cli   '35729' ]
2 info using npm@3.10.10
3 info using node@v7.3.0
4 verbose run-script [ 'preionic:serve', 'ionic:serve', 'postionic:serve' ]
5 info lifecycle ionic-hello-world@~preionic:serve: ionic-hello-world@
6 silly lifecycle ionic-hello-world@~preionic:serve: no script for preionic:serve, continuing
7 info lifecycle ionic-hello-world@~ionic:serve: ionic-hello-world@
8 verbose lifecycle ionic-hello-world@~ionic:serve: unsafe-perm in lifecycle true
9 verbose lifecycle ionic-hello-world@~ionic:serve: PATH: C:\Program Files\nodejs\node_modules\npm\bin\node-gyp-bin;C:\ionic\pajarosV2\node_modules\.bin;C:\app\INE\product\11.2.0\client_1\bin;C:\Program Files (x86)\Intel\iCLS Client\;C:\Program Files\Intel\iCLS Client\;C:\WINDOWS\system32;C:\WINDOWS;C:\WINDOWS\System32\Wbem;C:\WINDOWS\System32\WindowsPowerShell\v1.0\;C:\Program Files\Intel\Intel(R) Management Engine Components\DAL;C:\Program Files\Intel\Intel(R) Management Engine Components\IPT;C:\Program Files (x86)\Intel\Intel(R) Management Engine Components\DAL;C:\Program Files (x86)\Intel\Intel(R) Management Engine Components\IPT;C:\Program Files\Lenovo\Fingerprint Manager Pro\;C:\ProgramData\Lenovo\ReadyApps;C:\Program Files\Intel\WiFi\bin\;C:\Program Files\Common Files\Intel\WirelessCommon\;C:\Program Files\TortoiseSVN\bin;C:\Program Files\SourceGear\Common\DiffMerge\;C:\Program Files (x86)\Skype\Phone\;C:\Program Files\nodejs\;C:\wamp64\bin\php\php7.0.0;C:\ProgramData\ComposerSetup\bin;C:\Program Files\Java\jdk1.7.0_79\bin;C:\Program Files (x86)\SSH Communications Security\SSH Secure Shell;C:\wamp\bin\php\php5.5.12;C:\Users\INE\AppData\Roaming\npm;C:\Program Files (x86)\Google\google_appengine\;C:\Users\INE\AppData\Roaming\Composer\vendor\bin;C:\Users\INE\AppData\Local\Google\Cloud SDK\google-cloud-sdk\bin
10 verbose lifecycle ionic-hello-world@~ionic:serve: CWD: C:\ionic\pajarosV2
11 silly lifecycle ionic-hello-world@~ionic:serve: Args: [ '/d /s /c',
11 silly lifecycle   'ionic-app-scripts serve "--v2" "--address" "0.0.0.0" "--port" "8100" "--livereload-port" "35729"' ]
12 verbose stack Error: kill ENOSYS
12 verbose stack     at exports._errnoException (util.js:1022:11)
12 verbose stack     at process.kill (internal/process.js:173:13)
12 verbose stack     at process.listener (C:\Program Files\nodejs\node_modules\npm\node_modules\npmlog\node_modules\gauge\node_modules\signal-exit\index.js:86:15)
12 verbose stack     at emitNone (events.js:91:20)
12 verbose stack     at process.emit (events.js:185:7)
12 verbose stack     at processEmit (C:\Program Files\nodejs\node_modules\npm\node_modules\npmlog\node_modules\gauge\node_modules\signal-exit\index.js:146:32)
12 verbose stack     at processEmit (C:\Program Files\nodejs\node_modules\npm\node_modules\npm-registry-client\node_modules\npmlog\node_modules\gauge\node_modules\signal-exit\index.js:146:32)
12 verbose stack     at Signal.wrap.onsignal (internal/process.js:200:44)
13 verbose cwd C:\ionic\pajarosV2
14 error Windows_NT 6.3.9600
15 error argv "C:\\Program Files\\nodejs\\node.exe" "C:\\Program Files\\nodejs\\node_modules\\npm\\bin\\npm-cli.js" "run" "ionic:serve" "--" "--v2" "--address" "0.0.0.0" "--port" "8100" "--livereload-port" "35729"
16 error node v7.3.0
17 error npm  v3.10.10
18 error code ENOSYS
19 error errno ENOSYS
20 error syscall kill
21 error kill ENOSYS
22 error If you need help, you may report this error at:
22 error     <https://github.com/npm/npm/issues>
23 verbose exit [ 1, true ]
